Compilación iniciada a las 31/08/2014 11:15:01 p.m..
     1>Proyecto "C:\Bruno_UPC\Ciclo 2014-02\Alogirtmos avanzados\Grafos basics\Grafos basics\Grafos basics.vcxproj" en el nodo 2 (Build destinos).
     1>ClCompile:
         C:\Program Files (x86)\Microsoft Visual Studio 11.0\VC\bin\CL.exe /c /AI"C:\Program Files (x86)\Reference Assemblies\Microsoft\Framework\.NETFramework\v4.5\\" /AI"C:\Program Files (x86)\Windows Kits\8.0\References\CommonConfiguration\Neutral" /AI"C:\Program Files (x86)\Reference Assemblies\Microsoft\Framework\.NETFramework\v4.5\Facades\\" /Zi /clr /nologo /W3 /WX- /Od /Oy- /D WIN32 /D _DEBUG /D _UNICODE /D UNICODE /EHa /MDd /GS /fp:precise /Zc:wchar_t /Zc:forScope /Yu"stdafx.h" /Fp"Debug\Grafos basics.pch" /Fo"Debug\\" /Fd"Debug\vc110.pdb" /TP /FU"C:\Program Files (x86)\Reference Assemblies\Microsoft\Framework\.NETFramework\v4.5\mscorlib.dll" /FU"C:\Program Files (x86)\Reference Assemblies\Microsoft\Framework\.NETFramework\v4.5\System.Data.dll" /FU"C:\Program Files (x86)\Reference Assemblies\Microsoft\Framework\.NETFramework\v4.5\System.dll" /FU"C:\Program Files (x86)\Reference Assemblies\Microsoft\Framework\.NETFramework\v4.5\System.Xml.dll" /analyze- /errorReport:prompt /clr:nostdlib "Grafos basics.cpp"
         Grafos basics.cpp
     1>Grafos basics.cpp(16): warning C4091: 'typedef ' : se ha omitido a la izquierda de 'Edge' cuando no hay ninguna variable declarada
     1>Grafos basics.cpp(22): warning C4091: 'typedef ' : se ha omitido a la izquierda de 'EdgeIncidente' cuando no hay ninguna variable declarada
     1>Grafos basics.cpp(31): warning C4244: 'argumento' : conversión de 'time_t' a 'unsigned int'; posible pérdida de datos
     1>Grafos basics.cpp(41): warning C4018: '<' : no coinciden signed/unsigned
     1>Grafos basics.cpp(49): warning C4018: '<' : no coinciden signed/unsigned
     1>Grafos basics.cpp(63): warning C4018: '<' : no coinciden signed/unsigned
     1>Grafos basics.cpp(65): warning C4018: '<' : no coinciden signed/unsigned
     1>Grafos basics.cpp(74): warning C4996: 'freopen': This function or variable may be unsafe. Consider using freopen_s instead. To disable deprecation, use _CRT_SECURE_NO_WARNINGS. See online help for details.
                 C:\Program Files (x86)\Microsoft Visual Studio 11.0\VC\include\stdio.h(233) : vea la declaración de 'freopen'
     1>Grafos basics.cpp(83): warning C4996: 'gets': This function or variable may be unsafe. Consider using gets_s instead. To disable deprecation, use _CRT_SECURE_NO_WARNINGS. See online help for details.
                 C:\Program Files (x86)\Microsoft Visual Studio 11.0\VC\include\stdio.h(261) : vea la declaración de 'gets'
     1>Grafos basics.cpp(84): warning C4996: 'sscanf': This function or variable may be unsafe. Consider using sscanf_s instead. To disable deprecation, use _CRT_SECURE_NO_WARNINGS. See online help for details.
                 C:\Program Files (x86)\Microsoft Visual Studio 11.0\VC\include\stdio.h(311) : vea la declaración de 'sscanf'
     1>Grafos basics.cpp(84): warning C4996: 'strtok': This function or variable may be unsafe. Consider using strtok_s instead. To disable deprecation, use _CRT_SECURE_NO_WARNINGS. See online help for details.
                 C:\Program Files (x86)\Microsoft Visual Studio 11.0\VC\include\string.h(200) : vea la declaración de 'strtok'
     1>Grafos basics.cpp(85): warning C4996: 'strtok': This function or variable may be unsafe. Consider using strtok_s instead. To disable deprecation, use _CRT_SECURE_NO_WARNINGS. See online help for details.
                 C:\Program Files (x86)\Microsoft Visual Studio 11.0\VC\include\string.h(200) : vea la declaración de 'strtok'
     1>Grafos basics.cpp(87): warning C4996: 'sscanf': This function or variable may be unsafe. Consider using sscanf_s instead. To disable deprecation, use _CRT_SECURE_NO_WARNINGS. See online help for details.
                 C:\Program Files (x86)\Microsoft Visual Studio 11.0\VC\include\stdio.h(311) : vea la declaración de 'sscanf'
     1>Grafos basics.cpp(90): warning C4996: 'strtok': This function or variable may be unsafe. Consider using strtok_s instead. To disable deprecation, use _CRT_SECURE_NO_WARNINGS. See online help for details.
                 C:\Program Files (x86)\Microsoft Visual Studio 11.0\VC\include\string.h(200) : vea la declaración de 'strtok'
     1>Grafos basics.cpp(95): warning C4018: '<' : no coinciden signed/unsigned
     1>Grafos basics.cpp(99): warning C4305: 'inicializando' : truncamiento de '__int64' a 'int'
     1>Grafos basics.cpp(99): warning C4309: 'inicializando' : truncamiento de valor constante
     1>Grafos basics.cpp(103): warning C4018: '<' : no coinciden signed/unsigned
     1>Grafos basics.cpp(114): warning C4018: '<' : no coinciden signed/unsigned
     1>Grafos basics.cpp(125): warning C4018: '<' : no coinciden signed/unsigned
     1>Grafos basics.cpp(140): warning C4018: '<' : no coinciden signed/unsigned
     1>c:\bruno_upc\ciclo 2014-02\alogirtmos avanzados\grafos basics\grafos basics\grafos basics.cpp(82): warning C4700: se utilizó la variable local 'nVertices' sin inicializar
       Link:
         C:\Program Files (x86)\Microsoft Visual Studio 11.0\VC\bin\link.exe /ERRORREPORT:PROMPT /OUT:"C:\Bruno_UPC\Ciclo 2014-02\Alogirtmos avanzados\Grafos basics\Debug\Grafos basics.exe" /INCREMENTAL /NOLOGO /MANIFEST /MANIFESTUAC:"level='asInvoker' uiAccess='false'" /manifest:embed /DEBUG /PDB:"C:\Bruno_UPC\Ciclo 2014-02\Alogirtmos avanzados\Grafos basics\Debug\Grafos basics.pdb" /ASSEMBLYDEBUG /SUBSYSTEM:CONSOLE /TLBID:1 /DYNAMICBASE /FIXED:NO /NXCOMPAT /MACHINE:X86 Debug\app.res
         Debug\AssemblyInfo.obj
         "Debug\Grafos basics.obj"
         Debug\stdafx.obj
         "Debug\.NETFramework,Version=v4.5.AssemblyAttributes.obj"
         Grafos basics.vcxproj -> C:\Bruno_UPC\Ciclo 2014-02\Alogirtmos avanzados\Grafos basics\Debug\Grafos basics.exe
     1>Compilación del proyecto terminada "C:\Bruno_UPC\Ciclo 2014-02\Alogirtmos avanzados\Grafos basics\Grafos basics\Grafos basics.vcxproj" (Build destinos).

Compilación correcta.

Tiempo transcurrido 00:00:03.87
